<?xml version="1.0" encoding="UTF-8"?>
<!-- Generated by org.testng.reporters.JUnitReportReporter -->
<testsuite hostname="Sayed-Sadat" failures="0" tests="2" name="tests.PreserveClass1" time="0.012" errors="0" timestamp="2023-09-11T17:11:27 PDT" skipped="0">
  <testcase classname="tests.PreserveClass1" name="firstTestCase" time="0.009"/>
  <testcase classname="tests.PreserveClass1" name="secondTestCase" time="0.003"/>
</testsuite> <!-- tests.PreserveClass1 -->
