<?xml version="1.0" encoding="UTF-8"?>
<!-- Generated by org.testng.reporters.JUnitReportReporter -->
<testsuite hostname="Sayed-Sadat" failures="0" tests="1" name="tests_1.ExtentReport" time="1.372" errors="0" timestamp="2023-09-07T22:52:04 PDT" skipped="0">
  <testcase classname="tests_1.ExtentReport" name="extentReport" time="1.372"/>
</testsuite> <!-- tests_1.ExtentReport -->
