<?xml version="1.0" encoding="UTF-8"?>
<!-- Generated by org.testng.reporters.JUnitReportReporter -->
<testsuite hostname="Sayed-Sadat" failures="0" tests="2" name="tests.RegistrationFormTest" time="8.903" errors="0" timestamp="2023-09-14T16:03:03 PDT" skipped="0">
  <testcase classname="tests.RegistrationFormTest" name="registrationFormTest" time="4.643"/>
  <testcase classname="tests.RegistrationFormTest" name="registrationFormTest" time="4.260"/>
</testsuite> <!-- tests.RegistrationFormTest -->
