<?xml version="1.0" encoding="UTF-8"?>
<!-- Generated by org.testng.reporters.JUnitReportReporter -->
<testsuite hostname="Sayed-Sadat" failures="0" tests="1" name="tests.Parameterization" time="0.032" errors="0" timestamp="2023-09-13T18:30:06 PDT" skipped="0">
  <testcase classname="tests.Parameterization" name="testCaseTwo" time="0.032"/>
</testsuite> <!-- tests.Parameterization -->
