<?xml version="1.0" encoding="UTF-8"?>
<!-- Generated by org.testng.reporters.JUnitReportReporter -->
<testsuite hostname="Sayed-Sadat" failures="0" tests="2" name="tests.PreserveClass2" time="0.008" errors="0" timestamp="2023-09-11T17:11:27 PDT" skipped="0">
  <testcase classname="tests.PreserveClass2" name="firstTestCase" time="0.006"/>
  <testcase classname="tests.PreserveClass2" name="secondTestCase" time="0.002"/>
</testsuite> <!-- tests.PreserveClass2 -->
