<?xml version="1.0" encoding="UTF-8"?>
<!-- Generated by org.testng.reporters.JUnitReportReporter -->
<testsuite hostname="Sayed-Sadat" failures="0" tests="4" name="tests.Assertion" time="0.311" errors="0" timestamp="2023-09-14T17:13:29 PDT" skipped="0">
  <testcase classname="tests.Assertion" name="verifytest" time="0.041"/>
  <testcase classname="tests.Assertion" name="verifyTitle" time="0.095"/>
  <testcase classname="tests.Assertion" name="verifyElement" time="0.173"/>
  <testcase classname="tests.Assertion" name="lastTest" time="0.002"/>
</testsuite> <!-- tests.Assertion -->
