<?xml version="1.0" encoding="UTF-8"?>
<!-- Generated by org.testng.reporters.JUnitReportReporter -->
<testsuite hostname="Sayed-Sadat" failures="0" tests="2" name="tests.Parameterization" time="0.011" errors="0" timestamp="2023-09-06T15:44:18 PDT" skipped="0">
  <testcase classname="tests.Parameterization" name="testCaseOne" time="0.007"/>
  <testcase classname="tests.Parameterization" name="testCaseTwo" time="0.004"/>
</testsuite> <!-- tests.Parameterization -->
