<?xml version="1.0" encoding="UTF-8"?>
<!-- Generated by org.testng.reporters.JUnitReportReporter -->
<testsuite hostname="Sayed-Sadat" failures="0" tests="2" name="tests.RegistrationFormTest" time="0.000" errors="0" timestamp="2023-09-06T15:49:23 PDT" skipped="2">
  <testcase classname="tests.RegistrationFormTest" name="registrationFormTest" time="0.000">
    <skipped/>
  </testcase> <!-- registrationFormTest -->
  <testcase classname="tests.RegistrationFormTest" name="registrationFormTest" time="0.000">
    <skipped/>
  </testcase> <!-- registrationFormTest -->
</testsuite> <!-- tests.RegistrationFormTest -->
