<?xml version="1.0" encoding="UTF-8"?>
<!-- Generated by org.testng.reporters.JUnitReportReporter -->
<testsuite hostname="Sayed-Sadat" failures="0" tests="11" name="tests.TestNG_GroupingAndDependency" time="0.003" errors="0" timestamp="2023-09-06T15:49:23 PDT" skipped="11">
  <testcase classname="tests.TestNG_GroupingAndDependency" name="test2" time="0.000">
    <skipped/>
  </testcase> <!-- test2 -->
  <testcase classname="tests.TestNG_GroupingAndDependency" name="runTestMultipleTimes" time="0.000">
    <skipped/>
  </testcase> <!-- runTestMultipleTimes -->
  <testcase classname="tests.TestNG_GroupingAndDependency" name="test4" time="0.000">
    <skipped/>
  </testcase> <!-- test4 -->
  <testcase classname="tests.TestNG_GroupingAndDependency" name="description" time="0.000">
    <skipped/>
  </testcase> <!-- description -->
  <testcase classname="tests.TestNG_GroupingAndDependency" name="dependsOnMethods" time="0.001">
    <skipped/>
  </testcase> <!-- dependsOnMethods -->
  <testcase classname="tests.TestNG_GroupingAndDependency" name="test5" time="0.000">
    <skipped/>
  </testcase> <!-- test5 -->
  <testcase classname="tests.TestNG_GroupingAndDependency" name="runTestMultipleTimes" time="0.001">
    <skipped/>
  </testcase> <!-- runTestMultipleTimes -->
  <testcase classname="tests.TestNG_GroupingAndDependency" name="alwaysRun" time="0.001">
    <skipped/>
  </testcase> <!-- alwaysRun -->
  <testcase classname="tests.TestNG_GroupingAndDependency" name="test" time="0.000">
    <skipped/>
  </testcase> <!-- test -->
  <testcase classname="tests.TestNG_GroupingAndDependency" name="test1" time="0.000">
    <skipped/>
  </testcase> <!-- test1 -->
  <testcase classname="tests.TestNG_GroupingAndDependency" name="test3">
    <skipped/>
  </testcase> <!-- test3 -->
</testsuite> <!-- tests.TestNG_GroupingAndDependency -->
