<?xml version="1.0" encoding="UTF-8"?>
<!-- Generated by org.testng.reporters.JUnitReportReporter -->
<testsuite hostname="Sayed-Sadat" failures="0" tests="10" name="tests.TestNG_Features" time="0.001" errors="0" timestamp="2023-09-06T15:49:23 PDT" skipped="10">
  <testcase classname="tests.TestNG_Features" name="runTestMultipleTimes" time="0.000">
    <skipped/>
  </testcase> <!-- runTestMultipleTimes -->
  <testcase classname="tests.TestNG_Features" name="runTestMultipleTimes" time="0.000">
    <skipped/>
  </testcase> <!-- runTestMultipleTimes -->
  <testcase classname="tests.TestNG_Features" name="executetimeOut" time="0.000">
    <skipped/>
  </testcase> <!-- executetimeOut -->
  <testcase classname="tests.TestNG_Features" name="testCaseSkipException" time="0.000">
    <skipped/>
  </testcase> <!-- testCaseSkipException -->
  <testcase classname="tests.TestNG_Features" name="dividedByZeroExample1" time="0.000">
    <skipped/>
  </testcase> <!-- dividedByZeroExample1 -->
  <testcase classname="tests.TestNG_Features" name="description" time="0.001">
    <skipped/>
  </testcase> <!-- description -->
  <testcase classname="tests.TestNG_Features" name="test" time="0.000">
    <skipped/>
  </testcase> <!-- test -->
  <testcase classname="tests.TestNG_Features" name="alwaysRun" time="0.000">
    <skipped/>
  </testcase> <!-- alwaysRun -->
  <testcase classname="tests.TestNG_Features" name="smoke" time="0.000">
    <skipped/>
  </testcase> <!-- smoke -->
  <testcase classname="tests.TestNG_Features" name="integration" time="0.000">
    <skipped/>
  </testcase> <!-- integration -->
</testsuite> <!-- tests.TestNG_Features -->
