<?xml version="1.0" encoding="UTF-8"?>
<!-- Generated by org.testng.reporters.JUnitReportReporter -->
<testsuite hostname="Sayed-Sadat" failures="0" tests="4" name="tests.TestNG_Annotations" time="0.000" errors="0" timestamp="2023-09-06T15:49:23 PDT" skipped="4">
  <testcase classname="tests.TestNG_Annotations" name="smokeTest2" time="0.000">
    <skipped/>
  </testcase> <!-- smokeTest2 -->
  <testcase classname="tests.TestNG_Annotations" name="smokeTest1" time="0.000">
    <skipped/>
  </testcase> <!-- smokeTest1 -->
  <testcase classname="tests.TestNG_Annotations" name="regressionTest2" time="0.000">
    <skipped/>
  </testcase> <!-- regressionTest2 -->
  <testcase classname="tests.TestNG_Annotations" name="regressionTest1" time="0.000">
    <skipped/>
  </testcase> <!-- regressionTest1 -->
</testsuite> <!-- tests.TestNG_Annotations -->
