<?xml version="1.0" encoding="UTF-8"?>
<!-- Generated by org.testng.reporters.JUnitReportReporter -->
<testsuite hostname="Sayed-Sadat" failures="0" tests="8" name="tests.DataProviderTest" time="0.000" errors="0" timestamp="2023-09-06T15:49:23 PDT" skipped="8">
  <testcase classname="tests.DataProviderTest" name="test1" time="0.000">
    <skipped/>
  </testcase> <!-- test1 -->
  <testcase classname="tests.DataProviderTest" name="loginToWebPage" time="0.000">
    <skipped/>
  </testcase> <!-- loginToWebPage -->
  <testcase classname="tests.DataProviderTest" name="loginToWebPage" time="0.000">
    <skipped/>
  </testcase> <!-- loginToWebPage -->
  <testcase classname="tests.DataProviderTest" name="test1" time="0.000">
    <skipped/>
  </testcase> <!-- test1 -->
  <testcase classname="tests.DataProviderTest" name="loginToWebPage" time="0.000">
    <skipped/>
  </testcase> <!-- loginToWebPage -->
  <testcase classname="tests.DataProviderTest" name="test1" time="0.000">
    <skipped/>
  </testcase> <!-- test1 -->
  <testcase classname="tests.DataProviderTest" name="test1" time="0.000">
    <skipped/>
  </testcase> <!-- test1 -->
  <testcase classname="tests.DataProviderTest" name="loginToWebPage" time="0.000">
    <skipped/>
  </testcase> <!-- loginToWebPage -->
</testsuite> <!-- tests.DataProviderTest -->
